[27-Dec-2025 16:06:23 America/Argentina/Buenos_Aires] PHP Fatal error:  Uncaught PDOException: SQLSTATE[42S22]: Column not found: 1054 Unknown column 'c.es_cliente_aprobado' in 'SELECT' in /home/u958859890/domains/prestamolider.com/public_html/system/panel_asesor.php:92
Stack trace:
#0 /home/u958859890/domains/prestamolider.com/public_html/system/panel_asesor.php(92): PDOStatement->execute()
#1 {main}
  thrown in /home/u958859890/domains/prestamolider.com/public_html/system/panel_asesor.php on line 92
[27-Dec-2025 16:08:13 America/Argentina/Buenos_Aires] PHP Fatal error:  Uncaught PDOException: SQLSTATE[42S22]: Column not found: 1054 Unknown column 'c.es_cliente_aprobado' in 'SELECT' in /home/u958859890/domains/prestamolider.com/public_html/system/panel_asesor.php:93
Stack trace:
#0 /home/u958859890/domains/prestamolider.com/public_html/system/panel_asesor.php(93): PDOStatement->execute()
#1 {main}
  thrown in /home/u958859890/domains/prestamolider.com/public_html/system/panel_asesor.php on line 93
[27-Dec-2025 16:08:56 America/Argentina/Buenos_Aires] PHP Fatal error:  Uncaught PDOException: SQLSTATE[42S22]: Column not found: 1054 Unknown column 'c.es_cliente_aprobado' in 'SELECT' in /home/u958859890/domains/prestamolider.com/public_html/system/panel_asesor.php:93
Stack trace:
#0 /home/u958859890/domains/prestamolider.com/public_html/system/panel_asesor.php(93): PDOStatement->execute()
#1 {main}
  thrown in /home/u958859890/domains/prestamolider.com/public_html/system/panel_asesor.php on line 93
[27-Dec-2025 16:10:39 America/Argentina/Buenos_Aires] PHP Fatal error:  Uncaught PDOException: SQLSTATE[42S22]: Column not found: 1054 Unknown column 'cd.es_cliente_aprobado' in 'SELECT' in /home/u958859890/domains/prestamolider.com/public_html/system/panel_asesor.php:93
Stack trace:
#0 /home/u958859890/domains/prestamolider.com/public_html/system/panel_asesor.php(93): PDOStatement->execute()
#1 {main}
  thrown in /home/u958859890/domains/prestamolider.com/public_html/system/panel_asesor.php on line 93
[27-Dec-2025 16:10:42 America/Argentina/Buenos_Aires] PHP Fatal error:  Uncaught PDOException: SQLSTATE[42S22]: Column not found: 1054 Unknown column 'cd.es_cliente_aprobado' in 'SELECT' in /home/u958859890/domains/prestamolider.com/public_html/system/panel_asesor.php:93
Stack trace:
#0 /home/u958859890/domains/prestamolider.com/public_html/system/panel_asesor.php(93): PDOStatement->execute()
#1 {main}
  thrown in /home/u958859890/domains/prestamolider.com/public_html/system/panel_asesor.php on line 93
[27-Dec-2025 16:12:30 America/Argentina/Buenos_Aires] PHP Fatal error:  Uncaught PDOException: SQLSTATE[42S22]: Column not found: 1054 Unknown column 'cd.es_cliente_aprobado' in 'SELECT' in /home/u958859890/domains/prestamolider.com/public_html/system/panel_asesor.php:93
Stack trace:
#0 /home/u958859890/domains/prestamolider.com/public_html/system/panel_asesor.php(93): PDOStatement->execute()
#1 {main}
  thrown in /home/u958859890/domains/prestamolider.com/public_html/system/panel_asesor.php on line 93
[28-Dec-2025 13:30:01 America/Argentina/Buenos_Aires] PHP Deprecated:  htmlspecialchars(): Passing null to parameter #1 ($string) of type string is deprecated in /home/u958859890/domains/prestamolider.com/public_html/system/panel_asesor.php on line 949
[30-Dec-2025 08:47:29 America/Argentina/Buenos_Aires] PHP Deprecated:  htmlspecialchars(): Passing null to parameter #1 ($string) of type string is deprecated in /home/u958859890/domains/prestamolider.com/public_html/system/panel_asesor.php on line 1087
[30-Dec-2025 09:24:49 America/Argentina/Buenos_Aires] PHP Deprecated:  htmlspecialchars(): Passing null to parameter #1 ($string) of type string is deprecated in /home/u958859890/domains/prestamolider.com/public_html/system/panel_asesor.php on line 1092
